***INFO***;2019-56-08 08:56:09;Get all items
***INFO***;2019-56-08 08:56:21;Save Project Task ID:null
***INFO***;2019-56-08 08:56:21;Get all items
***INFO***;2019-56-08 08:56:33;Find item by ID:1
***INFO***;2019-56-08 08:56:33;Delete items ID:1
***TRACE***;2019-01-08 09:01:12;POST request
***INFO***;2019-01-08 09:01:12;Save Project Task ID:null
***TRACE***;2019-01-08 09:01:12;GET request
***INFO***;2019-01-08 09:01:12;Get all items
***ERROR***;2019-01-08 09:01:34;{summary=Sorry this field cannot be empty}
***TRACE***;2019-05-08 09:05:14;GET request
***INFO***;2019-05-08 09:05:14;Get all items
***TRACE***;2019-05-08 09:05:20;GET request
***INFO***;2019-05-08 09:05:20;Get all items
***TRACE***;2019-05-08 09:05:31;POST request
***INFO***;2019-05-08 09:05:31;Save Project Task ID:null
***TRACE***;2019-05-08 09:05:31;GET request
***INFO***;2019-05-08 09:05:31;Get all items
***TRACE***;2019-11-08 09:11:48;GET request
***INFO***;2019-11-08 09:11:48;Get all items
***TRACE***;2019-12-08 09:12:20;POST request
***INFO***;2019-12-08 09:12:20;Save Project Task ID:null
***TRACE***;2019-12-08 09:12:20;GET request
***INFO***;2019-12-08 09:12:20;Get all items
***TRACE***;2019-15-08 09:15:19;GET request
***INFO***;2019-15-08 09:15:19;Get all items
***TRACE***;2019-15-08 09:15:59;POST request
***INFO***;2019-15-08 09:15:59;Save Project Task ID:null
***TRACE***;2019-15-08 09:15:59;GET request
***INFO***;2019-15-08 09:15:59;Get all items
***TRACE***;2019-16-08 09:16:19;GET request
***INFO***;2019-16-08 09:16:19;Get all items
***TRACE***;2019-17-08 09:17:17;GET request
***INFO***;2019-17-08 09:17:17;Get all items
***TRACE***;2019-18-08 09:18:03;GET request
***INFO***;2019-18-08 09:18:03;Get all items
***TRACE***;2019-22-08 09:22:22;GET request
***INFO***;2019-22-08 09:22:22;Get all items
***TRACE***;2019-22-08 09:22:33;POST request
***INFO***;2019-22-08 09:22:33;Save Project Task ID:null
***TRACE***;2019-22-08 09:22:33;GET request
***INFO***;2019-22-08 09:22:33;Get all items
***TRACE***;2019-23-08 09:23:20;GET request
***INFO***;2019-23-08 09:23:20;Get all items
***TRACE***;2019-23-08 09:23:38;POST request
***INFO***;2019-23-08 09:23:38;Save Project Task ID:null
***TRACE***;2019-23-08 09:23:38;GET request
***INFO***;2019-23-08 09:23:38;Get all items
***TRACE***;2019-24-08 09:24:20;GET request
***INFO***;2019-24-08 09:24:20;Get all items
***TRACE***;2019-25-08 09:25:30;GET request
***INFO***;2019-25-08 09:25:30;Get all items
***TRACE***;2019-26-08 09:26:15;GET request
***INFO***;2019-26-08 09:26:15;Get all items
***TRACE***;2019-26-08 09:26:24;GET request
***INFO***;2019-26-08 09:26:24;Get all items
***TRACE***;2019-27-08 09:27:05;GET request
***INFO***;2019-27-08 09:27:05;Get all items
***TRACE***;2019-27-08 09:27:12;GET request
***INFO***;2019-27-08 09:27:12;Get all items
***TRACE***;2019-27-08 09:27:27;GET request
***INFO***;2019-27-08 09:27:27;Get all items
***TRACE***;2019-27-08 09:27:31;GET request
***INFO***;2019-27-08 09:27:31;Get all items
***TRACE***;2019-29-08 09:29:45;GET request
***INFO***;2019-29-08 09:29:45;Get all items
***TRACE***;2019-29-08 09:29:52;GET request
***INFO***;2019-29-08 09:29:52;Get all items
***TRACE***;2019-30-08 09:30:04;GET request
***INFO***;2019-30-08 09:30:04;Get all items
***TRACE***;2019-35-08 09:35:51;GET request
***INFO***;2019-35-08 09:35:51;Get all items
***TRACE***;2019-37-08 09:37:42;GET request
***INFO***;2019-37-08 09:37:42;Get all items
***TRACE***;2019-38-08 09:38:42;GET request
***INFO***;2019-38-08 09:38:42;Get all items
***TRACE***;2019-39-08 09:39:51;GET request
***INFO***;2019-39-08 09:39:51;Get all items
***TRACE***;2019-42-08 09:42:11;GET request
***INFO***;2019-42-08 09:42:11;Get all items
***TRACE***;2019-43-08 09:43:24;GET request
***INFO***;2019-43-08 09:43:24;Get all items
***TRACE***;2019-45-08 09:45:35;GET request
***INFO***;2019-45-08 09:45:35;Get all items
***TRACE***;2019-46-08 09:46:01;GET request
***INFO***;2019-46-08 09:46:01;Get all items
***TRACE***;2019-46-08 09:46:08;GET request
***INFO***;2019-46-08 09:46:08;Get all items
***TRACE***;2019-46-08 09:46:27;GET request
***INFO***;2019-46-08 09:46:27;Get all items
***TRACE***;2019-46-08 09:46:37;GET request
***INFO***;2019-46-08 09:46:37;Get all items
***TRACE***;2019-46-08 09:46:48;GET request
***INFO***;2019-46-08 09:46:48;Get all items
***TRACE***;2019-47-08 09:47:28;GET request
***INFO***;2019-47-08 09:47:28;Get all items
***TRACE***;2019-48-08 09:48:20;GET request
***INFO***;2019-48-08 09:48:20;Get all items
***TRACE***;2019-49-08 09:49:58;GET request
***INFO***;2019-49-08 09:49:58;Get all items
***TRACE***;2019-50-08 09:50:01;GET request
***INFO***;2019-50-08 09:50:01;Get all items
***TRACE***;2019-50-08 09:50:11;GET request
***INFO***;2019-50-08 09:50:11;Get all items
***TRACE***;2019-51-08 09:51:28;GET request
***INFO***;2019-51-08 09:51:28;Get all items
***TRACE***;2019-51-08 09:51:39;GET request
***INFO***;2019-51-08 09:51:39;Get all items
***TRACE***;2019-51-08 09:51:41;GET request
***INFO***;2019-51-08 09:51:41;Get all items
***TRACE***;2019-51-08 09:51:45;GET request
***INFO***;2019-51-08 09:51:45;Get all items
***TRACE***;2019-52-08 09:52:05;GET request
***INFO***;2019-52-08 09:52:05;Get all items
***TRACE***;2019-52-08 09:52:24;GET request
***INFO***;2019-52-08 09:52:24;Get all items
***TRACE***;2019-52-08 09:52:27;GET request
***INFO***;2019-52-08 09:52:27;Get all items
***TRACE***;2019-52-08 09:52:30;GET request
***INFO***;2019-52-08 09:52:30;Get all items
***TRACE***;2019-52-08 09:52:43;GET request
***INFO***;2019-52-08 09:52:43;Get all items
***TRACE***;2019-52-08 09:52:51;GET request
***INFO***;2019-52-08 09:52:51;Get all items
***TRACE***;2019-53-08 09:53:01;GET request
***INFO***;2019-53-08 09:53:01;Get all items
***TRACE***;2019-53-08 09:53:04;GET request
***INFO***;2019-53-08 09:53:04;Get all items
***TRACE***;2019-53-08 09:53:11;GET request
***INFO***;2019-53-08 09:53:11;Get all items
***TRACE***;2019-53-08 09:53:17;GET request
***INFO***;2019-53-08 09:53:17;Get all items
***TRACE***;2019-53-08 09:53:37;GET request
***INFO***;2019-53-08 09:53:37;Get all items
***TRACE***;2019-55-08 09:55:50;GET request
***INFO***;2019-55-08 09:55:50;Get all items
***TRACE***;2019-55-08 09:55:55;GET request
***INFO***;2019-55-08 09:55:55;Get all items
***TRACE***;2019-56-08 09:56:33;GET request
***INFO***;2019-56-08 09:56:33;Get all items
***TRACE***;2019-56-08 09:56:44;GET request
***INFO***;2019-56-08 09:56:44;Get all items
***TRACE***;2019-56-08 09:56:57;GET request
***INFO***;2019-56-08 09:56:57;Get all items
***TRACE***;2019-58-08 09:58:19;GET request
***INFO***;2019-58-08 09:58:19;Get all items
***TRACE***;2019-58-08 09:58:29;GET request
***INFO***;2019-58-08 09:58:29;Get all items
***TRACE***;2019-58-08 09:58:44;GET request
***INFO***;2019-58-08 09:58:44;Get all items
***TRACE***;2019-58-08 09:58:53;GET request
***INFO***;2019-58-08 09:58:53;Get all items
***TRACE***;2019-59-08 09:59:48;GET request
***INFO***;2019-59-08 09:59:48;Get all items
***TRACE***;2019-59-08 09:59:51;GET request
***INFO***;2019-59-08 09:59:51;Get all items
***TRACE***;2019-00-08 10:00:30;GET request
***INFO***;2019-00-08 10:00:30;Get all items
***TRACE***;2019-01-08 10:01:20;GET request
***INFO***;2019-01-08 10:01:20;Get all items
***TRACE***;2019-01-08 10:01:28;GET request
***INFO***;2019-01-08 10:01:28;Get all items
***TRACE***;2019-01-08 10:01:41;GET request
***INFO***;2019-01-08 10:01:41;Get all items
***TRACE***;2019-02-08 10:02:34;GET request
***INFO***;2019-02-08 10:02:34;Get all items
***TRACE***;2019-02-08 10:02:51;POST request
***INFO***;2019-02-08 10:02:51;Save Project Task ID:null
***TRACE***;2019-02-08 10:02:51;GET request
***INFO***;2019-02-08 10:02:51;Get all items
***TRACE***;2019-03-08 10:03:13;GET request
***INFO***;2019-03-08 10:03:13;Get all items
***TRACE***;2019-03-08 10:03:27;POST request
***INFO***;2019-03-08 10:03:27;Save Project Task ID:null
***TRACE***;2019-03-08 10:03:27;GET request
***INFO***;2019-03-08 10:03:27;Get all items
***TRACE***;2019-03-08 10:03:32;GET request
***INFO***;2019-03-08 10:03:32;Get all items
***TRACE***;2019-04-08 10:04:54;GET request
***INFO***;2019-04-08 10:04:54;Get all items
***TRACE***;2019-05-08 10:05:06;GET request
***INFO***;2019-05-08 10:05:06;Get all items
***TRACE***;2019-05-08 10:05:08;GET request
***INFO***;2019-05-08 10:05:08;Get all items
***TRACE***;2019-05-08 10:05:39;GET request
***INFO***;2019-05-08 10:05:39;Get all items
***TRACE***;2019-33-09 09:33:58;POST request
***INFO***;2019-33-09 09:33:58;Save Project Task ID:null
***TRACE***;2019-33-09 09:33:58;GET request
***INFO***;2019-33-09 09:33:58;Get all items
***TRACE***;2019-34-09 09:34:06;GET request
***INFO***;2019-34-09 09:34:06;Get all items
***TRACE***;2019-34-09 09:34:08;GET request
***INFO***;2019-34-09 09:34:08;Get all items
***TRACE***;2019-34-09 09:34:30;POST request
***INFO***;2019-34-09 09:34:30;Save Project Task ID:null
***TRACE***;2019-34-09 09:34:30;GET request
***INFO***;2019-34-09 09:34:30;Get all items
***TRACE***;2019-34-09 09:34:38;GET request
***INFO***;2019-34-09 09:34:38;Get all items
***TRACE***;2019-38-09 09:38:18;GET request
***INFO***;2019-38-09 09:38:18;Get all items
***TRACE***;2019-41-09 09:41:07;GET request
***INFO***;2019-41-09 09:41:07;Get all items
***TRACE***;2019-48-09 09:48:23;GET request
***INFO***;2019-48-09 09:48:23;Get all items
***TRACE***;2019-49-09 09:49:16;GET request
***INFO***;2019-49-09 09:49:16;Get all items
***TRACE***;2019-50-09 09:50:17;GET request
***INFO***;2019-50-09 09:50:17;Get all items
***TRACE***;2019-51-09 09:51:08;POST request
***INFO***;2019-51-09 09:51:08;Save Project Task ID:null
***TRACE***;2019-51-09 09:51:08;GET request
***INFO***;2019-51-09 09:51:08;Get all items
***TRACE***;2019-51-09 09:51:55;GET request
***INFO***;2019-51-09 09:51:55;Get all items
***TRACE***;2019-59-09 09:59:41;GET request
***INFO***;2019-59-09 09:59:41;Get all items
***TRACE***;2019-00-09 10:00:13;GET request
***INFO***;2019-00-09 10:00:13;Get all items
***TRACE***;2019-00-09 10:00:28;GET request
***INFO***;2019-00-09 10:00:28;Get all items
***TRACE***;2019-00-09 10:00:31;GET request
***INFO***;2019-00-09 10:00:31;Get all items
***TRACE***;2019-15-12 11:15:50;GET request
***INFO***;2019-15-12 11:15:50;Get all items
***TRACE***;2019-16-12 11:16:06;POST request
***INFO***;2019-16-12 11:16:06;Save Project Task ID:null
***TRACE***;2019-16-12 11:16:06;GET request
***INFO***;2019-16-12 11:16:06;Get all items
***INFO***;2019-16-12 11:16:20;Find item by ID:1
***TRACE***;2019-16-12 11:16:20;GET request
***TRACE***;2019-16-12 11:16:23;POST request
***INFO***;2019-16-12 11:16:23;Save Project Task ID:1
***TRACE***;2019-16-12 11:16:23;GET request
***INFO***;2019-16-12 11:16:23;Get all items
***INFO***;2019-16-12 11:16:28;Find item by ID:1
***TRACE***;2019-16-12 11:16:28;GET request
***TRACE***;2019-16-12 11:16:34;POST request
***INFO***;2019-16-12 11:16:34;Save Project Task ID:1
***TRACE***;2019-16-12 11:16:34;GET request
***INFO***;2019-16-12 11:16:34;Get all items
***TRACE***;2019-18-12 11:18:03;GET request
***INFO***;2019-18-12 11:18:03;Get all items
***TRACE***;2019-18-12 11:18:32;GET request
***INFO***;2019-18-12 11:18:32;Get all items
***TRACE***;2019-18-12 11:18:59;GET request
***INFO***;2019-18-12 11:18:59;Get all items
***TRACE***;2019-19-12 11:19:10;GET request
***INFO***;2019-19-12 11:19:10;Get all items
***INFO***;2019-19-12 11:19:11;Find item by ID:1
***TRACE***;2019-19-12 11:19:11;GET request
***TRACE***;2019-19-12 11:19:15;GET request
***INFO***;2019-19-12 11:19:15;Get all items
***TRACE***;2019-19-12 11:19:21;POST request
***INFO***;2019-19-12 11:19:21;Save Project Task ID:null
***TRACE***;2019-19-12 11:19:21;GET request
***INFO***;2019-19-12 11:19:21;Get all items
***INFO***;2019-19-12 11:19:23;Find item by ID:2
***TRACE***;2019-19-12 11:19:23;GET request
***TRACE***;2019-19-12 11:19:25;POST request
***INFO***;2019-19-12 11:19:25;Save Project Task ID:2
***TRACE***;2019-19-12 11:19:25;GET request
***INFO***;2019-19-12 11:19:25;Get all items
***INFO***;2019-19-12 11:19:29;Find item by ID:2
***TRACE***;2019-19-12 11:19:29;GET request
***TRACE***;2019-19-12 11:19:32;POST request
***INFO***;2019-19-12 11:19:32;Save Project Task ID:2
***TRACE***;2019-19-12 11:19:32;GET request
***INFO***;2019-19-12 11:19:32;Get all items
***INFO***;2019-19-12 11:19:36;Find item by ID:2
***TRACE***;2019-19-12 11:19:36;GET request
***TRACE***;2019-19-12 11:19:42;POST request
***INFO***;2019-19-12 11:19:42;Save Project Task ID:2
***TRACE***;2019-19-12 11:19:42;GET request
***INFO***;2019-19-12 11:19:42;Get all items
***INFO***;2019-19-12 11:19:44;Find item by ID:2
***TRACE***;2019-19-12 11:19:44;GET request
***TRACE***;2019-19-12 11:19:46;POST request
***INFO***;2019-19-12 11:19:46;Save Project Task ID:2
***TRACE***;2019-19-12 11:19:46;GET request
***INFO***;2019-19-12 11:19:46;Get all items
***INFO***;2019-19-12 11:19:49;Find item by ID:2
***TRACE***;2019-19-12 11:19:49;GET request
***TRACE***;2019-19-12 11:19:50;POST request
***INFO***;2019-19-12 11:19:50;Save Project Task ID:2
***TRACE***;2019-19-12 11:19:50;GET request
***INFO***;2019-19-12 11:19:50;Get all items
***TRACE***;2019-20-12 11:20:34;GET request
***INFO***;2019-20-12 11:20:34;Get all items
***TRACE***;2019-20-12 11:20:37;POST request
***INFO***;2019-20-12 11:20:37;Save Project Task ID:null
***TRACE***;2019-20-12 11:20:38;GET request
***INFO***;2019-20-12 11:20:38;Get all items
***TRACE***;2019-20-12 11:20:50;POST request
***INFO***;2019-20-12 11:20:50;Save Project Task ID:null
***TRACE***;2019-20-12 11:20:50;GET request
***INFO***;2019-20-12 11:20:50;Get all items
***INFO***;2019-20-12 11:20:56;Find item by ID:4
***TRACE***;2019-20-12 11:20:56;GET request
***TRACE***;2019-21-12 11:21:38;GET request
***INFO***;2019-21-12 11:21:38;Get all items
***INFO***;2019-21-12 11:21:40;Find item by ID:2
***TRACE***;2019-21-12 11:21:40;GET request
***TRACE***;2019-21-12 11:21:43;POST request
***INFO***;2019-21-12 11:21:43;Save Project Task ID:2
***TRACE***;2019-21-12 11:21:43;GET request
***INFO***;2019-21-12 11:21:43;Get all items
***INFO***;2019-21-12 11:21:46;Find item by ID:2
***TRACE***;2019-21-12 11:21:46;GET request
***TRACE***;2019-21-12 11:21:49;POST request
***INFO***;2019-21-12 11:21:49;Save Project Task ID:2
***TRACE***;2019-21-12 11:21:49;GET request
***INFO***;2019-21-12 11:21:49;Get all items
***INFO***;2019-21-12 11:21:51;Find item by ID:2
***TRACE***;2019-21-12 11:21:51;GET request
***TRACE***;2019-21-12 11:21:52;POST request
***INFO***;2019-21-12 11:21:52;Save Project Task ID:2
***TRACE***;2019-21-12 11:21:52;GET request
***INFO***;2019-21-12 11:21:52;Get all items
***INFO***;2019-21-12 11:21:56;Find item by ID:2
***INFO***;2019-21-12 11:21:56;Delete items ID:2
***TRACE***;2019-21-12 11:21:56;DELETE request
***INFO***;2019-21-12 11:21:58;Find item by ID:1
***INFO***;2019-21-12 11:21:58;Delete items ID:1
***TRACE***;2019-21-12 11:21:58;DELETE request
***TRACE***;2019-22-12 11:22:03;POST request
***INFO***;2019-22-12 11:22:03;Save Project Task ID:null
***TRACE***;2019-22-12 11:22:03;GET request
***INFO***;2019-22-12 11:22:03;Get all items
***INFO***;2019-22-12 11:22:09;Find item by ID:5
***TRACE***;2019-22-12 11:22:09;GET request
***INFO***;2019-22-12 11:22:26;Find item by ID:5
***TRACE***;2019-22-12 11:22:26;GET request
***TRACE***;2019-22-12 11:22:28;GET request
***INFO***;2019-22-12 11:22:28;Get all items
***INFO***;2019-22-12 11:22:30;Find item by ID:4
***TRACE***;2019-22-12 11:22:30;GET request
***INFO***;2019-23-12 11:23:08;Find item by ID:4
***TRACE***;2019-23-12 11:23:08;GET request
***INFO***;2019-23-12 11:23:14;Find item by ID:4
***TRACE***;2019-23-12 11:23:14;GET request
***TRACE***;2019-23-12 11:23:48;POST request
***INFO***;2019-23-12 11:23:48;Save Project Task ID:4
***TRACE***;2019-23-12 11:23:48;GET request
***INFO***;2019-23-12 11:23:48;Get all items
***INFO***;2019-23-12 11:23:54;Find item by ID:5
***TRACE***;2019-23-12 11:23:54;GET request
***TRACE***;2019-24-12 11:24:01;POST request
***INFO***;2019-24-12 11:24:01;Save Project Task ID:5
***TRACE***;2019-24-12 11:24:01;GET request
***INFO***;2019-24-12 11:24:01;Get all items
***TRACE***;2019-25-12 11:25:36;GET request
***INFO***;2019-25-12 11:25:36;Get all items
***TRACE***;2019-26-12 11:26:27;GET request
***INFO***;2019-26-12 11:26:27;Get all items
***TRACE***;2019-26-12 11:26:36;GET request
***INFO***;2019-26-12 11:26:36;Get all items
***INFO***;2019-26-12 11:26:37;Find item by ID:4
***TRACE***;2019-26-12 11:26:37;GET request
***TRACE***;2019-26-12 11:26:39;POST request
***INFO***;2019-26-12 11:26:39;Save Project Task ID:4
***TRACE***;2019-26-12 11:26:39;GET request
***INFO***;2019-26-12 11:26:39;Get all items
***INFO***;2019-26-12 11:26:41;Find item by ID:4
***TRACE***;2019-26-12 11:26:41;GET request
***TRACE***;2019-26-12 11:26:43;POST request
***INFO***;2019-26-12 11:26:43;Save Project Task ID:4
***TRACE***;2019-26-12 11:26:43;GET request
***INFO***;2019-26-12 11:26:43;Get all items
***INFO***;2019-26-12 11:26:52;Find item by ID:4
***TRACE***;2019-26-12 11:26:52;GET request
***TRACE***;2019-26-12 11:26:54;POST request
***INFO***;2019-26-12 11:26:54;Save Project Task ID:4
***TRACE***;2019-26-12 11:26:55;GET request
***INFO***;2019-26-12 11:26:55;Get all items
***INFO***;2019-26-12 11:26:56;Find item by ID:4
***TRACE***;2019-26-12 11:26:56;GET request
***TRACE***;2019-27-12 11:27:03;POST request
***INFO***;2019-27-12 11:27:03;Save Project Task ID:4
***TRACE***;2019-27-12 11:27:03;GET request
***INFO***;2019-27-12 11:27:03;Get all items
***INFO***;2019-27-12 11:27:06;Find item by ID:4
***TRACE***;2019-27-12 11:27:06;GET request
***INFO***;2019-27-12 11:27:11;Find item by ID:4
***TRACE***;2019-27-12 11:27:11;GET request
***INFO***;2019-27-12 11:27:13;Find item by ID:4
***TRACE***;2019-27-12 11:27:13;GET request
***TRACE***;2019-27-12 11:27:18;POST request
***INFO***;2019-27-12 11:27:18;Save Project Task ID:4
***TRACE***;2019-27-12 11:27:18;GET request
***INFO***;2019-27-12 11:27:18;Get all items
***TRACE***;2019-27-12 11:27:24;POST request
***INFO***;2019-27-12 11:27:24;Save Project Task ID:null
***TRACE***;2019-27-12 11:27:24;GET request
***INFO***;2019-27-12 11:27:24;Get all items
***INFO***;2019-27-12 11:27:27;Find item by ID:6
***TRACE***;2019-27-12 11:27:27;GET request
***TRACE***;2019-27-12 11:27:30;POST request
***INFO***;2019-27-12 11:27:30;Save Project Task ID:6
***TRACE***;2019-27-12 11:27:30;GET request
***INFO***;2019-27-12 11:27:30;Get all items
***TRACE***;2019-30-12 11:30:47;GET request
***INFO***;2019-30-12 11:30:47;Get all items
***TRACE***;2019-32-12 11:32:27;GET request
***INFO***;2019-32-12 11:32:27;Get all items
***TRACE***;2019-33-12 11:33:24;GET request
***INFO***;2019-33-12 11:33:24;Get all items
***TRACE***;2019-33-12 11:33:38;POST request
***INFO***;2019-33-12 11:33:38;Save Project Task ID:null
***TRACE***;2019-33-12 11:33:38;GET request
***INFO***;2019-33-12 11:33:38;Get all items
***INFO***;2019-33-12 11:33:42;Find item by ID:1
***TRACE***;2019-33-12 11:33:42;GET request
***TRACE***;2019-33-12 11:33:46;POST request
***INFO***;2019-33-12 11:33:46;Save Project Task ID:1
***TRACE***;2019-33-12 11:33:46;GET request
***INFO***;2019-33-12 11:33:46;Get all items
***TRACE***;2019-38-12 11:38:02;POST request
***INFO***;2019-38-12 11:38:02;Save Project Task ID:null
***TRACE***;2019-38-12 11:38:02;GET request
***INFO***;2019-38-12 11:38:02;Get all items
***TRACE***;2019-39-12 11:39:58;GET request
***INFO***;2019-39-12 11:39:58;Get all items
***TRACE***;2019-40-12 11:40:17;GET request
***INFO***;2019-40-12 11:40:17;Get all items
***TRACE***;2019-40-12 11:40:26;GET request
***INFO***;2019-40-12 11:40:26;Get all items
***INFO***;2019-40-12 11:40:27;Find item by ID:1
***TRACE***;2019-40-12 11:40:27;GET request
***TRACE***;2019-40-12 11:40:33;POST request
***INFO***;2019-40-12 11:40:33;Save Project Task ID:1
***TRACE***;2019-40-12 11:40:33;GET request
***INFO***;2019-40-12 11:40:33;Get all items
***TRACE***;2019-41-12 11:41:31;GET request
***INFO***;2019-41-12 11:41:31;Get all items
***INFO***;2019-41-12 11:41:33;Find item by ID:1
***TRACE***;2019-41-12 11:41:33;GET request
***TRACE***;2019-41-12 11:41:37;POST request
***INFO***;2019-41-12 11:41:37;Save Project Task ID:1
***TRACE***;2019-41-12 11:41:37;GET request
***INFO***;2019-41-12 11:41:37;Get all items
***INFO***;2019-41-12 11:41:39;Find item by ID:1
***TRACE***;2019-41-12 11:41:39;GET request
***TRACE***;2019-41-12 11:41:42;POST request
***INFO***;2019-41-12 11:41:42;Save Project Task ID:1
***TRACE***;2019-41-12 11:41:42;GET request
***INFO***;2019-41-12 11:41:42;Get all items
***TRACE***;2019-41-12 11:41:50;GET request
***INFO***;2019-41-12 11:41:50;Get all items
***INFO***;2019-41-12 11:41:52;Find item by ID:1
***TRACE***;2019-41-12 11:41:52;GET request
***TRACE***;2019-42-12 11:42:11;GET request
***INFO***;2019-42-12 11:42:11;Get all items
***INFO***;2019-43-12 11:43:08;Find item by ID:1
***TRACE***;2019-43-12 11:43:08;GET request
***TRACE***;2019-43-12 11:43:10;POST request
***INFO***;2019-43-12 11:43:10;Save Project Task ID:1
***TRACE***;2019-43-12 11:43:10;GET request
***INFO***;2019-43-12 11:43:10;Get all items
***ERROR***;2019-43-12 11:43:17;{summary=Sorry this field cannot be empty}
***TRACE***;2019-43-12 11:43:21;POST request
***INFO***;2019-43-12 11:43:21;Save Project Task ID:null
***TRACE***;2019-43-12 11:43:21;GET request
***INFO***;2019-43-12 11:43:21;Get all items
***TRACE***;2019-43-12 11:43:29;POST request
***INFO***;2019-43-12 11:43:29;Save Project Task ID:null
***TRACE***;2019-43-12 11:43:29;GET request
***INFO***;2019-43-12 11:43:29;Get all items
***TRACE***;2019-43-12 11:43:35;POST request
***INFO***;2019-43-12 11:43:35;Save Project Task ID:null
***TRACE***;2019-43-12 11:43:35;GET request
***INFO***;2019-43-12 11:43:35;Get all items
***INFO***;2019-43-12 11:43:44;Find item by ID:5
***INFO***;2019-43-12 11:43:44;Delete items ID:5
***TRACE***;2019-43-12 11:43:44;DELETE request
***TRACE***;2019-44-12 11:44:37;GET request
***INFO***;2019-44-12 11:44:37;Get all items
***TRACE***;2019-08-13 12:08:19;GET request
***INFO***;2019-08-13 12:08:19;Get all items
***TRACE***;2019-13-13 12:13:07;GET request
***INFO***;2019-13-13 12:13:07;Get all items
***ERROR***;2019-37-13 12:37:27;Error with Deserializing an Object.
***TRACE***;2019-37-13 12:37:45;GET request
***INFO***;2019-37-13 12:37:45;Get all items
***TRACE***;2019-37-13 12:37:55;POST request
***INFO***;2019-37-13 12:37:55;Serialized data is saved in <project_directory>./raport.ser
***INFO***;2019-37-13 12:37:55;Save Project Task ID:null
***TRACE***;2019-37-13 12:37:55;GET request
***INFO***;2019-37-13 12:37:55;Get all items
***ERROR***;2019-38-13 12:38:02;Error with Deserializing an Object.
***ERROR***;2019-38-13 12:38:04;Error with Deserializing an Object.
***TRACE***;2019-40-13 12:40:07;GET request
***INFO***;2019-40-13 12:40:07;Get all items
***INFO***;2019-41-13 12:41:44;Serializing an Object status ->OK
***TRACE***;2019-42-13 12:42:47;POST request
***INFO***;2019-42-13 12:42:47;Serialized data is saved in <project_directory>./raport.ser
***TRACE***;2019-42-13 12:42:47;RAPORT: Total tasks: 1
To do Tasks: 0
In Progress Tasks: 0
Done Tasks: 0
***INFO***;2019-42-13 12:42:47;Save Project Task ID:null
***TRACE***;2019-42-13 12:42:47;GET request
***INFO***;2019-42-13 12:42:47;Get all items
***INFO***;2019-43-13 12:43:06;Serializing an Object status ->OK
***INFO***;2019-43-13 12:43:07;Serializing an Object status ->OK
***TRACE***;2019-51-13 12:51:02;GET request
***INFO***;2019-51-13 12:51:02;Get all items
***TRACE***;2019-51-13 12:51:08;POST request
***INFO***;2019-51-13 12:51:08;Serializing an Object status ->OK
***INFO***;2019-51-13 12:51:08;Serialized data is saved in <project_directory>./raport.ser
***TRACE***;2019-51-13 12:51:08;RAPORT: Total tasks: 2
To do Tasks: 1
In Progress Tasks: 0
Done Tasks: 0
***INFO***;2019-51-13 12:51:08;Save Project Task ID:null
***TRACE***;2019-51-13 12:51:08;GET request
***INFO***;2019-51-13 12:51:08;Get all items
***TRACE***;2019-51-13 12:51:15;POST request
***INFO***;2019-51-13 12:51:15;Serializing an Object status ->OK
***INFO***;2019-51-13 12:51:15;Serialized data is saved in <project_directory>./raport.ser
***TRACE***;2019-51-13 12:51:15;RAPORT: Total tasks: 3
To do Tasks: 1
In Progress Tasks: 0
Done Tasks: 1
***INFO***;2019-51-13 12:51:15;Save Project Task ID:null
***TRACE***;2019-51-13 12:51:15;GET request
***INFO***;2019-51-13 12:51:15;Get all items
***INFO***;2019-51-13 12:51:26;Serializing an Object status ->OK
***ERROR***;2019-52-13 12:52:58;Error with Deserializing an Object.
***TRACE***;2019-53-13 12:53:06;GET request
***INFO***;2019-53-13 12:53:06;Get all items
***TRACE***;2019-53-13 12:53:12;POST request
***ERROR***;2019-53-13 12:53:12;Error with Deserializing an Object.
***INFO***;2019-53-13 12:53:12;Serialized data is saved in <project_directory>./raport.ser
***TRACE***;2019-53-13 12:53:12;RAPORT: Total tasks: 1
To do Tasks: 1
In Progress Tasks: 0
Done Tasks: 0
***INFO***;2019-53-13 12:53:12;Save Project Task ID:null
***TRACE***;2019-53-13 12:53:12;GET request
***INFO***;2019-53-13 12:53:12;Get all items
***TRACE***;2019-53-13 12:53:19;POST request
***INFO***;2019-53-13 12:53:19;Serializing an Object status ->OK
***INFO***;2019-53-13 12:53:19;Serialized data is saved in <project_directory>./raport.ser
***TRACE***;2019-53-13 12:53:19;RAPORT: Total tasks: 2
To do Tasks: 1
In Progress Tasks: 1
Done Tasks: 0
***INFO***;2019-53-13 12:53:19;Save Project Task ID:null
***TRACE***;2019-53-13 12:53:19;GET request
***INFO***;2019-53-13 12:53:19;Get all items
***TRACE***;2019-53-13 12:53:32;POST request
***INFO***;2019-53-13 12:53:32;Serializing an Object status ->OK
***INFO***;2019-53-13 12:53:32;Serialized data is saved in <project_directory>./raport.ser
***TRACE***;2019-53-13 12:53:32;RAPORT: Total tasks: 3
To do Tasks: 1
In Progress Tasks: 1
Done Tasks: 1
***INFO***;2019-53-13 12:53:32;Save Project Task ID:null
***TRACE***;2019-53-13 12:53:32;GET request
***INFO***;2019-53-13 12:53:32;Get all items
***INFO***;2019-53-13 12:53:37;Serializing an Object status ->OK
***TRACE***;2019-59-13 12:59:30;GET request
***INFO***;2019-59-13 12:59:30;Get all items
***TRACE***;2019-59-13 12:59:39;POST request
***ERROR***;2019-59-13 12:59:39;Error with Deserializing an Object.
***INFO***;2019-59-13 12:59:39;Serialized data is saved in <project_directory>./raport.ser
***TRACE***;2019-59-13 12:59:39;RAPORT: Total tasks: 1
To do Tasks: 1
In Progress Tasks: 0
Done Tasks: 0
***INFO***;2019-59-13 12:59:39;Save Project Task ID:null
***TRACE***;2019-59-13 12:59:39;GET request
***INFO***;2019-59-13 12:59:39;Get all items
***TRACE***;2019-59-13 12:59:45;POST request
***INFO***;2019-59-13 12:59:45;Serializing an Object status ->OK
***INFO***;2019-59-13 12:59:45;Serialized data is saved in <project_directory>./raport.ser
***TRACE***;2019-59-13 12:59:45;RAPORT: Total tasks: 2
To do Tasks: 1
In Progress Tasks: 1
Done Tasks: 0
***INFO***;2019-59-13 12:59:45;Save Project Task ID:null
***TRACE***;2019-59-13 12:59:45;GET request
***INFO***;2019-59-13 12:59:45;Get all items
***INFO***;2019-59-13 12:59:54;Serializing an Object status ->OK
***INFO***;2019-01-13 01:01:27;Serializing an Object status ->OK
***TRACE***;2019-09-13 01:09:40;GET request
***INFO***;2019-09-13 01:09:40;Get all items
***INFO***;2019-09-13 01:09:58;Serializing an Object status ->OK
***ERROR***;2019-10-13 01:10:12;Error with Deserializing an Object.
***TRACE***;2019-10-13 01:10:22;POST request
***ERROR***;2019-10-13 01:10:22;Error with Deserializing an Object.
***INFO***;2019-10-13 01:10:22;Serialized data is saved in <project_directory>./raport.ser
***TRACE***;2019-10-13 01:10:22;RAPORT: Total tasks: 1
To do Tasks: 1
In Progress Tasks: 0
Done Tasks: 0
***INFO***;2019-10-13 01:10:22;Save Project Task ID:null
***TRACE***;2019-10-13 01:10:22;GET request
***INFO***;2019-10-13 01:10:22;Get all items
***TRACE***;2019-10-13 01:10:27;POST request
***INFO***;2019-10-13 01:10:27;Serializing an Object status ->OK
***INFO***;2019-10-13 01:10:27;Serialized data is saved in <project_directory>./raport.ser
***TRACE***;2019-10-13 01:10:27;RAPORT: Total tasks: 2
To do Tasks: 1
In Progress Tasks: 1
Done Tasks: 0
***INFO***;2019-10-13 01:10:27;Save Project Task ID:null
***TRACE***;2019-10-13 01:10:27;GET request
***INFO***;2019-10-13 01:10:27;Get all items
***TRACE***;2019-10-13 01:10:32;POST request
***INFO***;2019-10-13 01:10:32;Serializing an Object status ->OK
***INFO***;2019-10-13 01:10:32;Serialized data is saved in <project_directory>./raport.ser
***TRACE***;2019-10-13 01:10:32;RAPORT: Total tasks: 3
To do Tasks: 1
In Progress Tasks: 1
Done Tasks: 1
***INFO***;2019-10-13 01:10:32;Save Project Task ID:null
***TRACE***;2019-10-13 01:10:32;GET request
***INFO***;2019-10-13 01:10:32;Get all items
***INFO***;2019-10-13 01:10:36;Serializing an Object status ->OK
***INFO***;2019-10-13 01:10:58;Find item by ID:3
***INFO***;2019-10-13 01:10:58;Serializing an Object status ->OK
***INFO***;2019-10-13 01:10:58;Serialized data is saved in <project_directory>./raport.ser
***INFO***;2019-10-13 01:10:58;Find item by ID:3
***INFO***;2019-10-13 01:10:58;Delete items ID:3
***TRACE***;2019-10-13 01:10:58;DELETE request
***TRACE***;2019-11-13 01:11:03;GET request
***INFO***;2019-11-13 01:11:03;Get all items
***INFO***;2019-11-13 01:11:07;Serializing an Object status ->OK
***INFO***;2019-11-13 01:11:11;Find item by ID:1
***INFO***;2019-11-13 01:11:11;Serializing an Object status ->OK
***INFO***;2019-11-13 01:11:11;Serialized data is saved in <project_directory>./raport.ser
***INFO***;2019-11-13 01:11:11;Find item by ID:1
***INFO***;2019-11-13 01:11:11;Delete items ID:1
***TRACE***;2019-11-13 01:11:11;DELETE request
***INFO***;2019-11-13 01:11:15;Serializing an Object status ->OK
***INFO***;2019-11-13 01:11:18;Find item by ID:2
***INFO***;2019-11-13 01:11:18;Serializing an Object status ->OK
***INFO***;2019-11-13 01:11:18;Serialized data is saved in <project_directory>./raport.ser
***INFO***;2019-11-13 01:11:18;Find item by ID:2
***INFO***;2019-11-13 01:11:18;Delete items ID:2
***TRACE***;2019-11-13 01:11:18;DELETE request
***INFO***;2019-11-13 01:11:20;Serializing an Object status ->OK
***TRACE***;2019-15-13 01:15:57;GET request
***INFO***;2019-15-13 01:15:57;Get all items
***INFO***;2019-16-13 01:16:03;Serializing an Object status ->OK
***INFO***;2019-53-13 01:53:41;Serializing an Object status ->OK
***INFO***;2019-53-13 01:53:43;Serializing an Object status ->OK
***INFO***;2019-54-13 01:54:17;Serializing an Object status ->OK
***INFO***;2019-54-13 01:54:37;Serializing an Object status ->OK
***INFO***;2019-54-13 01:54:52;Serializing an Object status ->OK
***INFO***;2019-56-13 01:56:12;Serializing an Object status ->OK
***TRACE***;2019-56-13 01:56:57;GET request
***INFO***;2019-56-13 01:56:57;Get all items
***TRACE***;2019-57-13 01:57:03;POST request
***INFO***;2019-57-13 01:57:03;Serializing an Object status ->OK
***INFO***;2019-57-13 01:57:03;Serialized data is saved in <project_directory>./raport.ser
***TRACE***;2019-57-13 01:57:03;RAPORT: Total tasks: 1
To do Tasks: 1
In Progress Tasks: 0
Done Tasks: 0
***INFO***;2019-57-13 01:57:03;Save Project Task ID:null
***TRACE***;2019-57-13 01:57:03;GET request
***INFO***;2019-57-13 01:57:03;Get all items
***TRACE***;2019-57-13 01:57:28;GET request
***INFO***;2019-57-13 01:57:28;Get all items
***INFO***;2019-58-13 01:58:57;Serializing an Object status ->OK
***INFO***;2019-59-13 01:59:45;Serializing an Object status ->OK
***INFO***;2019-00-13 02:00:31;Serializing an Object status ->OK
***INFO***;2019-00-13 02:00:34;Serializing an Object status ->OK
***INFO***;2019-01-13 02:01:09;Serializing an Object status ->OK
***INFO***;2019-01-13 02:01:20;Serializing an Object status ->OK
***INFO***;2019-01-13 02:01:27;Serializing an Object status ->OK
***INFO***;2019-02-13 02:02:03;Serializing an Object status ->OK
***INFO***;2019-02-13 02:02:11;Serializing an Object status ->OK
***INFO***;2019-02-13 02:02:53;Serializing an Object status ->OK
***INFO***;2019-03-13 02:03:01;Serializing an Object status ->OK
***INFO***;2019-03-13 02:03:02;Serializing an Object status ->OK
***INFO***;2019-03-13 02:03:32;Serializing an Object status ->OK
***INFO***;2019-05-13 02:05:27;Serializing an Object status ->OK
***INFO***;2019-05-13 02:05:36;Serializing an Object status ->OK
***INFO***;2019-06-13 02:06:04;Serializing an Object status ->OK
***INFO***;2019-06-13 02:06:43;Serializing an Object status ->OK
***INFO***;2019-06-13 02:06:45;Serializing an Object status ->OK
***INFO***;2019-06-13 02:06:49;Serializing an Object status ->OK
***INFO***;2019-06-13 02:06:53;Serializing an Object status ->OK
***INFO***;2019-06-13 02:06:55;Serializing an Object status ->OK
***INFO***;2019-07-13 02:07:18;Serializing an Object status ->OK
***INFO***;2019-07-13 02:07:23;Serializing an Object status ->OK
***INFO***;2019-07-13 02:07:30;Serializing an Object status ->OK
***INFO***;2019-09-13 02:09:43;Serializing an Object status ->OK
***INFO***;2019-09-13 02:09:49;Serializing an Object status ->OK
***INFO***;2019-10-13 02:10:29;Serializing an Object status ->OK
***INFO***;2019-11-13 02:11:14;Serializing an Object status ->OK
***INFO***;2019-13-13 02:13:54;Serializing an Object status ->OK
***INFO***;2019-15-13 02:15:26;Serializing an Object status ->OK
***INFO***;2019-18-13 02:18:33;Serializing an Object status ->OK
***TRACE***;2019-21-13 02:21:00;GET request
***INFO***;2019-21-13 02:21:00;Get all items
***TRACE***;2019-21-13 02:21:11;GET request
***INFO***;2019-21-13 02:21:11;Get all items
***TRACE***;2019-21-13 02:21:14;GET request
***INFO***;2019-21-13 02:21:14;Get all items
***INFO***;2019-22-13 02:22:28;Serializing an Object status ->OK
***INFO***;2019-23-13 02:23:27;Serializing an Object status ->OK
***INFO***;2019-24-13 02:24:48;Serializing an Object status ->OK
***INFO***;2019-28-13 02:28:05;Serializing an Object status ->OK
***INFO***;2019-28-13 02:28:12;Serializing an Object status ->OK
***INFO***;2019-28-13 02:28:22;Serializing an Object status ->OK
***INFO***;2019-28-13 02:28:49;Serializing an Object status ->OK
***INFO***;2019-29-13 02:29:12;Serializing an Object status ->OK
***INFO***;2019-29-13 02:29:31;Serializing an Object status ->OK
***INFO***;2019-29-13 02:29:37;Serializing an Object status ->OK
***INFO***;2019-29-13 02:29:42;Serializing an Object status ->OK
***INFO***;2019-29-13 02:29:59;Serializing an Object status ->OK
***INFO***;2019-30-13 02:30:08;Serializing an Object status ->OK
***INFO***;2019-30-13 02:30:41;Serializing an Object status ->OK
***INFO***;2019-30-13 02:30:49;Serializing an Object status ->OK
***INFO***;2019-30-13 02:30:55;Serializing an Object status ->OK
***INFO***;2019-31-13 02:31:06;Serializing an Object status ->OK
***INFO***;2019-31-13 02:31:28;Serializing an Object status ->OK
***INFO***;2019-32-13 02:32:08;Serializing an Object status ->OK
***INFO***;2019-32-13 02:32:37;Serializing an Object status ->OK
***INFO***;2019-32-13 02:32:49;Serializing an Object status ->OK
***INFO***;2019-33-13 02:33:09;Serializing an Object status ->OK
***INFO***;2019-33-13 02:33:56;Serializing an Object status ->OK
***INFO***;2019-34-13 02:34:14;Serializing an Object status ->OK
***INFO***;2019-35-13 02:35:15;Serializing an Object status ->OK
***INFO***;2019-37-13 02:37:56;Serializing an Object status ->OK
***INFO***;2019-38-13 02:38:13;Serializing an Object status ->OK
***INFO***;2019-38-13 02:38:30;Serializing an Object status ->OK
***INFO***;2019-38-13 02:38:32;Serializing an Object status ->OK
***INFO***;2019-39-13 02:39:19;Serializing an Object status ->OK
***INFO***;2019-39-13 02:39:58;Serializing an Object status ->OK
***INFO***;2019-40-13 02:40:05;Serializing an Object status ->OK
***INFO***;2019-41-13 02:41:28;Serializing an Object status ->OK
***INFO***;2019-41-13 02:41:54;Serializing an Object status ->OK
***INFO***;2019-42-13 02:42:38;Serializing an Object status ->OK
***INFO***;2019-42-13 02:42:44;Serializing an Object status ->OK
***INFO***;2019-42-13 02:42:59;Serializing an Object status ->OK
***INFO***;2019-43-13 02:43:22;Serializing an Object status ->OK
***INFO***;2019-43-13 02:43:44;Serializing an Object status ->OK
***INFO***;2019-44-13 02:44:11;Serializing an Object status ->OK
***INFO***;2019-44-13 02:44:29;Serializing an Object status ->OK
***INFO***;2019-44-13 02:44:37;Serializing an Object status ->OK
***INFO***;2019-46-13 02:46:39;Serializing an Object status ->OK
***INFO***;2019-47-13 02:47:12;Serializing an Object status ->OK
***INFO***;2019-48-13 02:48:31;Serializing an Object status ->OK
***INFO***;2019-48-13 02:48:35;Serializing an Object status ->OK
***INFO***;2019-51-13 02:51:29;Serializing an Object status ->OK
***INFO***;2019-52-13 02:52:21;Serializing an Object status ->OK
***TRACE***;2019-53-13 02:53:02;GET request
***INFO***;2019-53-13 02:53:02;Get all items
***INFO***;2019-53-13 02:53:06;Serializing an Object status ->OK
***INFO***;2019-54-13 02:54:37;Serializing an Object status ->OK
***INFO***;2019-55-13 02:55:27;Serializing an Object status ->OK
***INFO***;2019-58-13 02:58:06;Serializing an Object status ->OK
***INFO***;2019-58-13 02:58:22;Serializing an Object status ->OK
***INFO***;2019-59-13 02:59:15;Serializing an Object status ->OK
***INFO***;2019-59-13 02:59:24;Serializing an Object status ->OK
***INFO***;2019-00-13 03:00:43;Serializing an Object status ->OK
***INFO***;2019-01-13 03:01:27;Serializing an Object status ->OK
***INFO***;2019-01-13 03:01:32;Serializing an Object status ->OK
***INFO***;2019-01-13 03:01:45;Serializing an Object status ->OK
***INFO***;2019-03-13 03:03:33;Serializing an Object status ->OK
***TRACE***;2019-04-13 03:04:30;GET request
***INFO***;2019-04-13 03:04:30;Get all items
***TRACE***;2019-04-13 03:04:40;GET request
***INFO***;2019-04-13 03:04:40;Get all items
***TRACE***;2019-04-13 03:04:45;POST request
***INFO***;2019-04-13 03:04:45;Serializing an Object status ->OK
***INFO***;2019-04-13 03:04:45;Serialized data is saved in <project_directory>./raport.ser
***TRACE***;2019-04-13 03:04:45;RAPORT: Total tasks: 2
To do Tasks: 2
In Progress Tasks: 0
Done Tasks: 0
***INFO***;2019-04-13 03:04:45;Save Project Task ID:null
***TRACE***;2019-04-13 03:04:45;GET request
***INFO***;2019-04-13 03:04:45;Get all items
***TRACE***;2019-06-13 03:06:15;GET request
***INFO***;2019-06-13 03:06:15;Get all items
***TRACE***;2019-06-13 03:06:57;GET request
***INFO***;2019-06-13 03:06:57;Get all items
***TRACE***;2019-07-13 03:07:16;GET request
***INFO***;2019-07-13 03:07:16;Get all items
***TRACE***;2019-07-13 03:07:48;GET request
***INFO***;2019-07-13 03:07:48;Get all items
***TRACE***;2019-07-13 03:07:53;GET request
***INFO***;2019-07-13 03:07:53;Get all items
***TRACE***;2019-07-13 03:07:58;GET request
***INFO***;2019-07-13 03:07:58;Get all items
***TRACE***;2019-08-13 03:08:01;GET request
***INFO***;2019-08-13 03:08:01;Get all items
***TRACE***;2019-08-13 03:08:28;GET request
***INFO***;2019-08-13 03:08:28;Get all items
***TRACE***;2019-08-13 03:08:37;GET request
***INFO***;2019-08-13 03:08:37;Get all items
***TRACE***;2019-08-13 03:08:40;GET request
***INFO***;2019-08-13 03:08:40;Get all items
***TRACE***;2019-10-13 03:10:15;GET request
***INFO***;2019-10-13 03:10:15;Get all items
***TRACE***;2019-10-13 03:10:21;GET request
***INFO***;2019-10-13 03:10:21;Get all items
***INFO***;2019-10-13 03:10:23;Serializing an Object status ->OK
***TRACE***;2019-10-13 03:10:27;GET request
***INFO***;2019-10-13 03:10:27;Get all items
***INFO***;2019-10-13 03:10:27;Serializing an Object status ->OK
***TRACE***;2019-11-13 03:11:04;GET request
***INFO***;2019-11-13 03:11:04;Get all items
***TRACE***;2019-13-13 03:13:57;GET request
***INFO***;2019-13-13 03:13:57;Get all items
***INFO***;2019-13-13 03:13:58;Serializing an Object status ->OK
***INFO***;2019-15-13 03:15:23;Serializing an Object status ->OK
***TRACE***;2019-15-13 03:15:45;GET request
***INFO***;2019-15-13 03:15:45;Get all items
***INFO***;2019-15-13 03:15:47;Serializing an Object status ->OK
***TRACE***;2019-15-13 03:15:50;GET request
***INFO***;2019-15-13 03:15:50;Get all items
***INFO***;2019-15-13 03:15:51;Serializing an Object status ->OK
***TRACE***;2019-16-13 03:16:00;GET request
***INFO***;2019-16-13 03:16:00;Get all items
***TRACE***;2019-08-15 12:08:54;GET request
***INFO***;2019-08-15 12:08:54;Get all items
***TRACE***;2019-09-15 12:09:02;POST request
***ERROR***;2019-09-15 12:09:02;Error with Deserializing an Object.
***INFO***;2019-09-15 12:09:02;Serialized data is saved in <project_directory>./raport.ser
***TRACE***;2019-09-15 12:09:02;RAPORT: Total tasks: 1
To do Tasks: 1
In Progress Tasks: 0
Done Tasks: 0
***INFO***;2019-09-15 12:09:02;Save Project Task ID:null
***TRACE***;2019-09-15 12:09:03;GET request
***INFO***;2019-09-15 12:09:03;Get all items
***TRACE***;2019-12-15 12:12:54;GET request
***INFO***;2019-12-15 12:12:54;Get all items
***ERROR***;2019-12-15 12:12:57;Error with Deserializing an Object.
***ERROR***;2019-15-15 12:15:20;Error with Deserializing an Object.
***ERROR***;2019-15-15 12:15:39;Error with Deserializing an Object.
***ERROR***;2019-16-15 12:16:04;Error with Deserializing an Object.
***ERROR***;2019-18-15 12:18:36;Error with Deserializing an Object.
***ERROR***;2019-20-15 12:20:01;Error with Deserializing an Object.
***ERROR***;2019-22-15 12:22:44;Error with Deserializing an Object.
***ERROR***;2019-22-15 12:22:49;Error with Deserializing an Object.
***ERROR***;2019-23-15 12:23:02;Error with Deserializing an Object.
***ERROR***;2019-23-15 12:23:20;Error with Deserializing an Object.
***ERROR***;2019-23-15 12:23:39;Error with Deserializing an Object.
***ERROR***;2019-24-15 12:24:26;Error with Deserializing an Object.
***ERROR***;2019-25-15 12:25:11;Error with Deserializing an Object.
***ERROR***;2019-26-15 12:26:30;Error with Deserializing an Object.
***TRACE***;2019-27-15 12:27:08;GET request
***INFO***;2019-27-15 12:27:08;Get all items
***TRACE***;2019-27-15 12:27:19;GET request
***INFO***;2019-27-15 12:27:19;Get all items
***TRACE***;2019-27-15 12:27:23;POST request
***ERROR***;2019-27-15 12:27:23;Error with Deserializing an Object.
***INFO***;2019-27-15 12:27:23;Serialized data is saved in <project_directory>./raport.ser
***TRACE***;2019-27-15 12:27:23;RAPORT: Total tasks: 1
To do Tasks: 1
In Progress Tasks: 0
Done Tasks: 0
***INFO***;2019-27-15 12:27:23;Save Project Task ID:null
***TRACE***;2019-27-15 12:27:23;GET request
***INFO***;2019-27-15 12:27:23;Get all items
***INFO***;2019-27-15 12:27:24;Serializing an Object status ->OK
***TRACE***;2019-27-15 12:27:46;GET request
***INFO***;2019-27-15 12:27:46;Get all items
***TRACE***;2019-27-15 12:27:54;POST request
***INFO***;2019-27-15 12:27:54;Serializing an Object status ->OK
***INFO***;2019-27-15 12:27:54;Serialized data is saved in <project_directory>./raport.ser
***TRACE***;2019-27-15 12:27:54;RAPORT: Total tasks: 2
To do Tasks: 1
In Progress Tasks: 0
Done Tasks: 1
***INFO***;2019-27-15 12:27:54;Save Project Task ID:null
***TRACE***;2019-27-15 12:27:54;GET request
***INFO***;2019-27-15 12:27:54;Get all items
***INFO***;2019-27-15 12:27:56;Serializing an Object status ->OK
***INFO***;2019-28-15 12:28:26;Serializing an Object status ->OK
***INFO***;2019-29-15 12:29:03;Serializing an Object status ->OK
***INFO***;2019-29-15 12:29:37;Serializing an Object status ->OK
***INFO***;2019-29-15 12:29:44;Serializing an Object status ->OK
***INFO***;2019-29-15 12:29:56;Serializing an Object status ->OK
***INFO***;2019-31-15 12:31:27;Serializing an Object status ->OK
***INFO***;2019-32-15 12:32:23;Serializing an Object status ->OK
***INFO***;2019-33-15 12:33:37;Serializing an Object status ->OK
***INFO***;2019-33-15 12:33:42;Serializing an Object status ->OK
***INFO***;2019-33-15 12:33:55;Serializing an Object status ->OK
***INFO***;2019-34-15 12:34:24;Serializing an Object status ->OK
***TRACE***;2019-34-15 12:34:51;GET request
***INFO***;2019-34-15 12:34:51;Get all items
***INFO***;2019-35-15 12:35:04;Find item by ID:1
***TRACE***;2019-35-15 12:35:04;GET request
***TRACE***;2019-35-15 12:35:07;POST request
***INFO***;2019-35-15 12:35:07;Serializing an Object status ->OK
***INFO***;2019-35-15 12:35:07;Serialized data is saved in <project_directory>./raport.ser
***TRACE***;2019-35-15 12:35:07;RAPORT: Total tasks: 3
To do Tasks: 1
In Progress Tasks: 0
Done Tasks: 2
***INFO***;2019-35-15 12:35:07;Save Project Task ID:1
***TRACE***;2019-35-15 12:35:07;GET request
***INFO***;2019-35-15 12:35:07;Get all items
***INFO***;2019-35-15 12:35:10;Serializing an Object status ->OK
***INFO***;2019-37-15 12:37:36;Serializing an Object status ->OK
***INFO***;2019-38-15 12:38:01;Serializing an Object status ->OK
***TRACE***;2019-38-15 12:38:20;GET request
***INFO***;2019-38-15 12:38:20;Get all items
***TRACE***;2019-38-15 12:38:28;POST request
***INFO***;2019-38-15 12:38:28;Serializing an Object status ->OK
***INFO***;2019-38-15 12:38:28;Serialized data is saved in <project_directory>./raport.ser
***TRACE***;2019-38-15 12:38:28;RAPORT: Total tasks: 4
To do Tasks: 1
In Progress Tasks: 1
Done Tasks: 2
***INFO***;2019-38-15 12:38:28;Save Project Task ID:null
***TRACE***;2019-38-15 12:38:28;GET request
***INFO***;2019-38-15 12:38:28;Get all items
***INFO***;2019-38-15 12:38:31;Serializing an Object status ->OK
***INFO***;2019-38-15 12:38:55;Serializing an Object status ->OK
***INFO***;2019-39-15 12:39:59;Serializing an Object status ->OK
***INFO***;2019-40-15 12:40:12;Serializing an Object status ->OK
***TRACE***;2019-42-15 12:42:07;GET request
***INFO***;2019-42-15 12:42:07;Get all items
***TRACE***;2019-43-15 12:43:04;GET request
***INFO***;2019-43-15 12:43:04;Get all items
***INFO***;2019-43-15 12:43:09;Serializing an Object status ->OK
***TRACE***;2019-43-15 12:43:22;GET request
***INFO***;2019-43-15 12:43:22;Get all items
***TRACE***;2019-43-15 12:43:26;GET request
***INFO***;2019-43-15 12:43:26;Get all items
***INFO***;2019-43-15 12:43:33;Find item by ID:1
***INFO***;2019-43-15 12:43:33;Serializing an Object status ->OK
***INFO***;2019-43-15 12:43:33;Serialized data is saved in <project_directory>./raport.ser
***INFO***;2019-43-15 12:43:33;Find item by ID:1
***INFO***;2019-43-15 12:43:33;Delete items ID:1
***TRACE***;2019-43-15 12:43:34;DELETE request
***INFO***;2019-43-15 12:43:35;Serializing an Object status ->OK
***INFO***;2019-44-15 12:44:13;Serializing an Object status ->OK
***INFO***;2019-44-15 12:44:36;Serializing an Object status ->OK
***INFO***;2019-44-15 12:44:55;Serializing an Object status ->OK
***INFO***;2019-49-15 12:49:08;Serializing an Object status ->OK
***INFO***;2019-49-15 12:49:36;Serializing an Object status ->OK
***INFO***;2019-49-15 12:49:57;Serializing an Object status ->OK
